<?xml version="1.0" encoding="UTF-8"?>
<testsuite name="domain.LineTest" tests="2" skipped="0" failures="0" errors="0" timestamp="2022-02-14T08:19:30" hostname="Aaron-MacBookPro.local" time="0.017">
  <properties/>
  <testcase name="랜덤boolean 생성 테스트" classname="domain.LineTest" time="0.014"/>
  <testcase name="line 생성 test" classname="domain.LineTest" time="0.003"/>
  <system-out><![CDATA[false
false
true
false
true
false
false
true
false
false
true
false
false
false
true
true
true
true
false
true
true
false
false
true
true
false
true
true
false
false
true
false
false
false
false
false
false
false
false
true
false
true
false
false
true
false
true
true
false
true
true
true
true
true
true
false
false
true
false
true
false
false
false
false
true
false
false
false
false
true
false
false
false
false
false
true
false
false
false
true
true
false
true
true
false
false
false
true
false
false
false
true
false
true
false
true
false
false
false
false
]]></system-out>
  <system-err><![CDATA[]]></system-err>
</testsuite>
